{
  "stats": {
    "suites": 11,
    "tests": 21,
    "passes": 21,
    "pending": 0,
    "failures": 0,
    "testsRegistered": 21,
    "passPercent": 100,
    "pendingPercent": 0,
    "other": 0,
    "hasOther": false,
    "skipped": 0,
    "hasSkipped": false,
    "start": "2023-03-21T13:30:03.246Z",
    "end": "2023-03-21T13:33:40.570Z",
    "duration": 217324
  },
  "results": [
    {
      "uuid": "88f92ee3-d926-40c7-b1d6-75f8f97cbd74",
      "title": "",
      "fullFile": "cypress/e2e/findItemMainMenuWithPageObject.cy.js",
      "file": "cypress/e2e/findItemMainMenuWithPageObject.cy.js",
      "beforeHooks": [],
      "afterHooks": [],
      "tests": [
        {
          "title": "Searching for an item",
          "fullTitle": "Searching for an item",
          "timedOut": null,
          "duration": 3922,
          "state": "passed",
          "speed": "fast",
          "pass": true,
          "fail": false,
          "pending": false,
          "context": null,
          "code": "_LoginPage.default.visit();\ncy.log('Authorize');\n(0, _helper.headLessLogin)(user);\n_SpecialOffersPage.default.visitSpecialOffersPage();\n_SpecialOffersPage.default.submitProduct('Absolue Eye Precious Cells');\n_ProductPage.default.submitProductCart();\n_ShoppingCartPage.default.submitConfirmationCartCheckout();\n_ShoppingCartPage.default.assertCartCheckoutSucces();",
          "err": {},
          "uuid": "cc7a2585-3d1a-44e4-a05a-f3e80b266e32",
          "parentUUID": "88f92ee3-d926-40c7-b1d6-75f8f97cbd74",
          "isHook": false,
          "skipped": false
        }
      ],
      "suites": [],
      "passes": [
        "cc7a2585-3d1a-44e4-a05a-f3e80b266e32"
      ],
      "failures": [],
      "pending": [],
      "skipped": [],
      "duration": 3922,
      "root": true,
      "rootEmpty": false,
      "_timeout": 2000
    },
    {
      "uuid": "ca67e927-89cc-4ef9-9254-196e8c5aaf48",
      "title": "",
      "fullFile": "cypress/e2e/findItemSearchField.cy.js",
      "file": "cypress/e2e/findItemSearchField.cy.js",
      "beforeHooks": [],
      "afterHooks": [],
      "tests": [
        {
          "title": "Order",
          "fullTitle": "Order",
          "timedOut": null,
          "duration": 5575,
          "state": "passed",
          "speed": "medium",
          "pass": true,
          "fail": false,
          "pending": false,
          "context": null,
          "code": "cy.log('Go to checkout');\ncy.get('#main_menu_top .top.menu_checkout ').click();\ncy.log('Choose an item');\ncy.get('[title=\"Continue\"]').click();\ncy.get('#special [title=\"Absolue Eye Precious Cells\"]').click();\ncy.log('Confirm an order');\n(0, _helper.makeOrder)();",
          "err": {},
          "uuid": "4eda6499-fdcd-499a-9f80-4d892e5b1c22",
          "parentUUID": "ca67e927-89cc-4ef9-9254-196e8c5aaf48",
          "isHook": false,
          "skipped": false
        }
      ],
      "suites": [],
      "passes": [
        "4eda6499-fdcd-499a-9f80-4d892e5b1c22"
      ],
      "failures": [],
      "pending": [],
      "skipped": [],
      "duration": 5575,
      "root": true,
      "rootEmpty": false,
      "_timeout": 2000
    },
    {
      "uuid": "87848766-5d1b-46b6-b3bc-52c3fc3b3aac",
      "title": "",
      "fullFile": "cypress/e2e/findItemSearchFieldWithPageObject.cy.js",
      "file": "cypress/e2e/findItemSearchFieldWithPageObject.cy.js",
      "beforeHooks": [],
      "afterHooks": [],
      "tests": [
        {
          "title": "searching for an item",
          "fullTitle": "searching for an item",
          "timedOut": null,
          "duration": 19501,
          "state": "passed",
          "speed": "slow",
          "pass": true,
          "fail": false,
          "pending": false,
          "context": null,
          "code": "_LoginPage.default.visit();\ncy.log('Authorize');\n(0, _helper.headLessLogin)(user);\n_SearchPage.default.findItemWithSearchField('Nail Lacquer');\n_SearchPage.default.getItemProductName('Nail Lacquer').click();\n_ProductPage.default.submitProductCart();\n_ShoppingCartPage.default.submitConfirmationCartCheckout();\n_ShoppingCartPage.default.assertCartCheckoutSucces();",
          "err": {},
          "uuid": "48c047f1-d8d8-436b-b11a-1393a83d5a92",
          "parentUUID": "87848766-5d1b-46b6-b3bc-52c3fc3b3aac",
          "isHook": false,
          "skipped": false
        }
      ],
      "suites": [],
      "passes": [
        "48c047f1-d8d8-436b-b11a-1393a83d5a92"
      ],
      "failures": [],
      "pending": [],
      "skipped": [],
      "duration": 19501,
      "root": true,
      "rootEmpty": false,
      "_timeout": 2000
    },
    {
      "uuid": "52de7453-14b8-41dc-b4c0-294eda4a560f",
      "title": "",
      "fullFile": "cypress/e2e/headLessLoginTest.cy.js",
      "file": "cypress/e2e/headLessLoginTest.cy.js",
      "beforeHooks": [],
      "afterHooks": [],
      "tests": [
        {
          "title": "Open account page",
          "fullTitle": "Open account page",
          "timedOut": null,
          "duration": 1253,
          "state": "passed",
          "speed": "fast",
          "pass": true,
          "fail": false,
          "pending": false,
          "context": null,
          "code": "(0, _helper.headLessLogin)(user);\ncy.visit('/index.php?rt=account/account');\ncy.get('h1 span.subtext', {\n  timeout: 20000\n}).should('contain', user.firstName);",
          "err": {},
          "uuid": "2bec2bb1-0edb-4a67-84be-6ac6c9c33714",
          "parentUUID": "52de7453-14b8-41dc-b4c0-294eda4a560f",
          "isHook": false,
          "skipped": false
        },
        {
          "title": "Open order history page",
          "fullTitle": "Open order history page",
          "timedOut": null,
          "duration": 652,
          "state": "passed",
          "speed": "fast",
          "pass": true,
          "fail": false,
          "pending": false,
          "context": null,
          "code": "(0, _helper.headLessLogin)(user);\ncy.visit('/index.php?rt=account/history');\ncy.get('h1 span.maintext', {\n  timeout: 20000\n}).should('contain', ' My Order History');",
          "err": {},
          "uuid": "436a241b-6a61-4f03-ab93-4ddb5ea11c43",
          "parentUUID": "52de7453-14b8-41dc-b4c0-294eda4a560f",
          "isHook": false,
          "skipped": false
        }
      ],
      "suites": [],
      "passes": [
        "2bec2bb1-0edb-4a67-84be-6ac6c9c33714",
        "436a241b-6a61-4f03-ab93-4ddb5ea11c43"
      ],
      "failures": [],
      "pending": [],
      "skipped": [],
      "duration": 1905,
      "root": true,
      "rootEmpty": false,
      "_timeout": 2000
    },
    {
      "uuid": "c17b0133-5eeb-4026-9b40-f332f0ddb68e",
      "title": "",
      "fullFile": "cypress/e2e/login.cy.js",
      "file": "cypress/e2e/login.cy.js",
      "beforeHooks": [],
      "afterHooks": [],
      "tests": [
        {
          "title": "Login/Authorization",
          "fullTitle": "Login/Authorization",
          "timedOut": null,
          "duration": 2440,
          "state": "passed",
          "speed": "fast",
          "pass": true,
          "fail": false,
          "pending": false,
          "context": null,
          "code": "cy.log('Open website login page');\ncy.visit('/index.php?rt=account/login');\ncy.log('Check user is unauthorized');\ncy.getCookie('customer').should('be.null');\ncy.log('Authorize user');\ncy.get('#loginFrm_loginname').type(user.userName);\ncy.get('#loginFrm_password').type(user.password);\ncy.get('button[type=\"submit\"]').contains('Login').click();\ncy.get('h1 span.subtext').should('contain', user.firstName);",
          "err": {},
          "uuid": "2af9b73e-c1f4-4ccc-9105-bea2ea5eadaa",
          "parentUUID": "c17b0133-5eeb-4026-9b40-f332f0ddb68e",
          "isHook": false,
          "skipped": false
        }
      ],
      "suites": [],
      "passes": [
        "2af9b73e-c1f4-4ccc-9105-bea2ea5eadaa"
      ],
      "failures": [],
      "pending": [],
      "skipped": [],
      "duration": 2440,
      "root": true,
      "rootEmpty": false,
      "_timeout": 2000
    },
    {
      "uuid": "cb52358e-2e97-4fb7-903f-7c67e8d65d15",
      "title": "",
      "fullFile": "cypress/e2e/loginNegativeScenerioWithPageObject.cy.js",
      "file": "cypress/e2e/loginNegativeScenerioWithPageObject.cy.js",
      "beforeHooks": [],
      "afterHooks": [],
      "tests": [
        {
          "title": "Authorization with incorrect password",
          "fullTitle": "Authorization with incorrect password",
          "timedOut": null,
          "duration": 1978,
          "state": "passed",
          "speed": "fast",
          "pass": true,
          "fail": false,
          "pending": false,
          "context": null,
          "code": "_LoginPage.default.visit();\n_LoginPage.default.submitLogFormWithIncorrectPassword(user);\n_AccountPage.default.assertIncorrectPasswdLogin();",
          "err": {},
          "uuid": "7b905669-4502-4c56-9031-e11dcad2b426",
          "parentUUID": "cb52358e-2e97-4fb7-903f-7c67e8d65d15",
          "isHook": false,
          "skipped": false
        },
        {
          "title": "Authorization with empty password",
          "fullTitle": "Authorization with empty password",
          "timedOut": null,
          "duration": 1509,
          "state": "passed",
          "speed": "fast",
          "pass": true,
          "fail": false,
          "pending": false,
          "context": null,
          "code": "_LoginPage.default.visit();\n_LoginPage.default.submitLogFormWithEmptyPassword(user);\n_AccountPage.default.assertIncorrectPasswdLogin();",
          "err": {},
          "uuid": "fb2bece6-c714-4ae1-bb76-39314d6898ce",
          "parentUUID": "cb52358e-2e97-4fb7-903f-7c67e8d65d15",
          "isHook": false,
          "skipped": false
        }
      ],
      "suites": [],
      "passes": [
        "7b905669-4502-4c56-9031-e11dcad2b426",
        "fb2bece6-c714-4ae1-bb76-39314d6898ce"
      ],
      "failures": [],
      "pending": [],
      "skipped": [],
      "duration": 3487,
      "root": true,
      "rootEmpty": false,
      "_timeout": 2000
    },
    {
      "uuid": "246437b7-3582-40a9-a897-de9d101fd1ac",
      "title": "",
      "fullFile": "cypress/e2e/loginWithPageObject.cy.js",
      "file": "cypress/e2e/loginWithPageObject.cy.js",
      "beforeHooks": [],
      "afterHooks": [],
      "tests": [
        {
          "title": "Authorization",
          "fullTitle": "Authorization",
          "timedOut": null,
          "duration": 4056,
          "state": "passed",
          "speed": "fast",
          "pass": true,
          "fail": false,
          "pending": false,
          "context": null,
          "code": "_LoginPage.default.visit();\n_LoginPage.default.submitLoginForm(user);\n_AccountPage.default.verifyUserName(user);\n_LoginPage.default.getSearchField();",
          "err": {},
          "uuid": "db0ac218-9847-4683-ac43-022e77b35c66",
          "parentUUID": "246437b7-3582-40a9-a897-de9d101fd1ac",
          "isHook": false,
          "skipped": false
        }
      ],
      "suites": [],
      "passes": [
        "db0ac218-9847-4683-ac43-022e77b35c66"
      ],
      "failures": [],
      "pending": [],
      "skipped": [],
      "duration": 4056,
      "root": true,
      "rootEmpty": false,
      "_timeout": 2000
    },
    {
      "uuid": "6c38b088-84b9-4e11-857a-468d2449f4ea",
      "title": "",
      "fullFile": "cypress/e2e/registration.cy.js",
      "file": "cypress/e2e/registration.cy.js",
      "beforeHooks": [],
      "afterHooks": [],
      "tests": [
        {
          "title": "Registration",
          "fullTitle": "Registration",
          "timedOut": null,
          "duration": 9391,
          "state": "passed",
          "speed": "medium",
          "pass": true,
          "fail": false,
          "pending": false,
          "context": null,
          "code": "cy.log('Open website registartion page');\ncy.get('.pull-right[title=\"Continue\"]').click();\ncy.get('#AccountFrm_firstname').type(user.firstName).should('have.value', user.firstName);\ncy.get('#AccountFrm_lastname').type(user.lastName).should('have.value', user.lastName);\ncy.get('#AccountFrm_email').type(user.email).should('have.value', user.email);\ncy.get('#AccountFrm_telephone').type('+380934216460').should('have.value', '+380934216460');\ncy.get('#AccountFrm_fax').type('+380442369253').should('have.value', '+380442369253');\ncy.get('#AccountFrm_company').type('ITCompany').should('have.value', 'ITCompany');\ncy.get('#AccountFrm_address_1').type(user.address).should('have.value', user.address);\ncy.get('#AccountFrm_address_2').type('Address 2').should('have.value', 'Address 2');\ncy.get('#AccountFrm_city').type(user.city).should('have.value', user.city);\ncy.get('#AccountFrm_zone_id').select('Glasgow').should('have.value', '3551').children('[value=3551]').should('have.text', 'Glasgow');\ncy.get('#AccountFrm_postcode').type(user.postCode).should('have.value', user.postCode);\ncy.get('select#AccountFrm_country_id').select('United Kingdom').should('have.value', '222').children('[value=\"222\"]').should('have.text', 'United Kingdom');\ncy.get('#AccountFrm_loginname').type(user.userName).should('have.value', user.userName);\ncy.get('#AccountFrm_password').type(user.password).should('have.value', user.password).and('have.attr', 'type').and('include', 'password');\ncy.get('#AccountFrm_confirm').type(user.password).should('have.value', user.password).and('have.attr', 'type').and('include', 'password');\ncy.log('Check checkboxes');\ncy.get('#AccountFrm_newsletter1').check().should('include.checked', 'true');\ncy.get('#AccountFrm_agree').check().should('include.checked', 'true');\ncy.get('.btn-orange.pull-right').click();\ncy.log('Verify user first name on account page');\ncy.get('span.maintext').should('have.text', ' Your Account Has Been Created!');\nconsole.log(user);",
          "err": {},
          "uuid": "fd86f2d8-d370-4e1e-8815-cbdc1ce4795a",
          "parentUUID": "6c38b088-84b9-4e11-857a-468d2449f4ea",
          "isHook": false,
          "skipped": false
        },
        {
          "title": "Login",
          "fullTitle": "Login",
          "timedOut": null,
          "duration": 2301,
          "state": "passed",
          "speed": "fast",
          "pass": true,
          "fail": false,
          "pending": false,
          "context": null,
          "code": "cy.log('Check user is unathorized');\ncy.getCookie('customer').should('be.null');\ncy.log('Athorize user');\ncy.get('#loginFrm_loginname').type(user.userName).should('have.value', user.userName);\ncy.get('#loginFrm_password').type(user.password).should('have.value', user.password);\ncy.get('[title=\"Login\"]').click();\ncy.get('h1 span.subtext').should('have.text', user.firstName);",
          "err": {},
          "uuid": "d5a9dfba-009a-4ce6-b3dc-0218faf6b94f",
          "parentUUID": "6c38b088-84b9-4e11-857a-468d2449f4ea",
          "isHook": false,
          "skipped": false
        }
      ],
      "suites": [],
      "passes": [
        "fd86f2d8-d370-4e1e-8815-cbdc1ce4795a",
        "d5a9dfba-009a-4ce6-b3dc-0218faf6b94f"
      ],
      "failures": [],
      "pending": [],
      "skipped": [],
      "duration": 11692,
      "root": true,
      "rootEmpty": false,
      "_timeout": 2000
    },
    {
      "uuid": "b009052c-5bac-416f-b665-f935ce031945",
      "title": "",
      "fullFile": "cypress/e2e/registrationWithPageObject.cy.js",
      "file": "cypress/e2e/registrationWithPageObject.cy.js",
      "beforeHooks": [],
      "afterHooks": [],
      "tests": [
        {
          "title": "Registration",
          "fullTitle": "Registration",
          "timedOut": null,
          "duration": 7332,
          "state": "passed",
          "speed": "medium",
          "pass": true,
          "fail": false,
          "pending": false,
          "context": null,
          "code": "_RegistrationPage.default.visit();\n_RegistrationPage.default.clickRegistrationButton();\n_RegistrationPage.default.submitRegistrationForm();\n_RegistrationPage.default.assertAccountIsCreated();",
          "err": {},
          "uuid": "1d5e7a93-3f94-4f50-b14b-94821a1e51b5",
          "parentUUID": "b009052c-5bac-416f-b665-f935ce031945",
          "isHook": false,
          "skipped": false
        }
      ],
      "suites": [],
      "passes": [
        "1d5e7a93-3f94-4f50-b14b-94821a1e51b5"
      ],
      "failures": [],
      "pending": [],
      "skipped": [],
      "duration": 7332,
      "root": true,
      "rootEmpty": false,
      "_timeout": 2000
    },
    {
      "uuid": "274d5713-bdf7-4694-9d27-73d0ca077766",
      "title": "",
      "fullFile": "cypress/e2e/registration_negative.cy.js",
      "file": "cypress/e2e/registration_negative.cy.js",
      "beforeHooks": [],
      "afterHooks": [],
      "tests": [
        {
          "title": "Invalid email provider",
          "fullTitle": "Invalid email provider",
          "timedOut": null,
          "duration": 8198,
          "state": "passed",
          "speed": "medium",
          "pass": true,
          "fail": false,
          "pending": false,
          "context": null,
          "code": "cy.log('Open website registartion page');\ncy.get('.pull-right[title=\"Continue\"]').click();\ncy.get('#AccountFrm_firstname').type(user.firstName);\ncy.get('#AccountFrm_lastname').type(user.lastName);\ncy.get('#AccountFrm_email').type(user.emailInvalidProvider);\ncy.get('#AccountFrm_telephone').type('+380934216460');\ncy.get('#AccountFrm_fax').type('+380442369253');\ncy.get('#AccountFrm_company').type('ITCompany');\ncy.get('#AccountFrm_address_1').type(user.address).should('have.value', user.address);\ncy.get('#AccountFrm_address_2').type('Address 2');\ncy.get('#AccountFrm_city').type(user.city);\ncy.get('#AccountFrm_zone_id').select('Glasgow').should('have.value', '3551').children('[value=3551]').should('have.text', 'Glasgow');\ncy.get('#AccountFrm_postcode').type(user.postCode);\ncy.get('select#AccountFrm_country_id').select('United Kingdom').should('have.value', '222').children('[value=\"222\"]').should('have.text', 'United Kingdom');\ncy.get('#AccountFrm_loginname').type(user.userName);\ncy.get('#AccountFrm_password').type(user.password).should('have.value', user.password).and('have.attr', 'type').and('include', 'password');\ncy.get('#AccountFrm_confirm').type(user.password).should('have.value', user.password).and('have.attr', 'type').and('include', 'password');\ncy.log('Check checkboxes');\ncy.get('#AccountFrm_newsletter1').check().should('include.checked', 'true');\ncy.get('#AccountFrm_agree').check().should('include.checked', 'true');\ncy.get('.btn-orange.pull-right').click();\ncy.log('Checking email error message');\ncy.get('#AccountFrm_email').parent().next().should('have.text', 'Email Address does not appear to be valid!');\nconsole.log(user);",
          "err": {},
          "uuid": "d2a1d27a-9596-4ee7-a704-f7d334eb9fd2",
          "parentUUID": "274d5713-bdf7-4694-9d27-73d0ca077766",
          "isHook": false,
          "skipped": false
        },
        {
          "title": "Password field less than 4 letters",
          "fullTitle": "Password field less than 4 letters",
          "timedOut": null,
          "duration": 8392,
          "state": "passed",
          "speed": "medium",
          "pass": true,
          "fail": false,
          "pending": false,
          "context": null,
          "code": "cy.log('Open website registartion page');\ncy.get('.pull-right[title=\"Continue\"]').click();\ncy.get('#AccountFrm_firstname').type(user.firstName);\ncy.get('#AccountFrm_lastname').type(user.lastName);\ncy.get('#AccountFrm_email').type(user.email);\ncy.get('#AccountFrm_telephone').type('+380934216460');\ncy.get('#AccountFrm_fax').type('+380442369253');\ncy.get('#AccountFrm_company').type('ITCompany');\ncy.get('#AccountFrm_address_1').type(user.address);\ncy.get('#AccountFrm_address_2').type('Address 2');\ncy.get('#AccountFrm_city').type(user.city);\ncy.get('#AccountFrm_zone_id').select('Glasgow').should('have.value', '3551').children('[value=3551]').should('have.text', 'Glasgow');\ncy.get('#AccountFrm_postcode').type(user.postCode).should('have.value', user.postCode);\ncy.get('select#AccountFrm_country_id').select('United Kingdom').should('have.value', '222').children('[value=\"222\"]').should('have.text', 'United Kingdom');\ncy.get('#AccountFrm_loginname').type(user.userName).should('have.value', user.userName);\ncy.get('#AccountFrm_password').type(user.passwordLess4).should('have.value', user.passwordLess4).and('have.attr', 'type').and('include', 'password');\ncy.get('#AccountFrm_confirm').type(user.passwordLess4).should('have.value', user.passwordLess4).and('have.attr', 'type').and('include', 'password');\ncy.log('Check checkboxes');\ncy.get('#AccountFrm_newsletter1').check().should('include.checked', 'true');\ncy.get('#AccountFrm_agree').check().should('include.checked', 'true');\ncy.get('.btn-orange.pull-right').click();\ncy.log('Checking password error message');\ncy.get('.alert-error.alert-danger').should('have.text', '\\n×\\nPassword must be between 4 and 20 characters!');",
          "err": {},
          "uuid": "e0576975-44da-4b9f-8265-822d3bdc0b52",
          "parentUUID": "274d5713-bdf7-4694-9d27-73d0ca077766",
          "isHook": false,
          "skipped": false
        },
        {
          "title": "Password field more than 20 letters",
          "fullTitle": "Password field more than 20 letters",
          "timedOut": null,
          "duration": 7169,
          "state": "passed",
          "speed": "medium",
          "pass": true,
          "fail": false,
          "pending": false,
          "context": null,
          "code": "cy.log('Open website registartion page');\ncy.get('.pull-right[title=\"Continue\"]').click();\ncy.get('#AccountFrm_firstname').type(user.firstName);\ncy.get('#AccountFrm_lastname').type(user.lastName);\ncy.get('#AccountFrm_email').type(user.email);\ncy.get('#AccountFrm_telephone').type('+380934216460');\ncy.get('#AccountFrm_fax').type('+380442369253');\ncy.get('#AccountFrm_company').type('ITCompany');\ncy.get('#AccountFrm_address_1').type(user.address);\ncy.get('#AccountFrm_address_2').type('Address 2');\ncy.get('#AccountFrm_city').type(user.city);\ncy.get('#AccountFrm_zone_id').select('Glasgow').should('have.value', '3551').children('[value=3551]').should('have.text', 'Glasgow');\ncy.get('#AccountFrm_postcode').type(user.postCode).should('have.value', user.postCode);\ncy.get('select#AccountFrm_country_id').select('United Kingdom').should('have.value', '222').children('[value=\"222\"]').should('have.text', 'United Kingdom');\ncy.get('#AccountFrm_loginname').type(user.userName).should('have.value', user.userName);\ncy.get('#AccountFrm_password').type(user.passwordMore20).should('have.value', user.passwordMore20).and('have.attr', 'type').and('include', 'password');\ncy.get('#AccountFrm_confirm').type(user.password).should('have.value', user.password).and('have.attr', 'type').and('include', 'password');\ncy.log('Check checkboxes');\ncy.get('#AccountFrm_newsletter1').check().should('include.checked', 'true');\ncy.get('#AccountFrm_agree').check().should('include.checked', 'true');\ncy.get('.btn-orange.pull-right').click();\ncy.log('Checking password error message');\ncy.get('.alert-error.alert-danger').should('have.text', '\\n×\\nPassword must be between 4 and 20 characters!Password confirmation does not match password!');",
          "err": {},
          "uuid": "51a2a24a-784c-4d18-8d9b-b937937fa739",
          "parentUUID": "274d5713-bdf7-4694-9d27-73d0ca077766",
          "isHook": false,
          "skipped": false
        },
        {
          "title": "Privacy policy is unchecked",
          "fullTitle": "Privacy policy is unchecked",
          "timedOut": null,
          "duration": 6618,
          "state": "passed",
          "speed": "medium",
          "pass": true,
          "fail": false,
          "pending": false,
          "context": null,
          "code": "cy.log('Open website registration page');\ncy.get('.pull-right[title=\"Continue\"]').click();\ncy.get('#AccountFrm_firstname').type(user.firstName);\ncy.get('#AccountFrm_lastname').type(user.lastName);\ncy.get('#AccountFrm_email').type(user.email);\ncy.get('#AccountFrm_telephone').type('+380934216460');\ncy.get('#AccountFrm_fax').type('+380442369253');\ncy.get('#AccountFrm_company').type('ITCompany');\ncy.get('#AccountFrm_address_1').type(user.address);\ncy.get('#AccountFrm_address_2').type('Address 2');\ncy.get('#AccountFrm_city').type(user.city);\ncy.get('#AccountFrm_zone_id').select('Glasgow').should('have.value', '3551').children('[value=3551]').should('have.text', 'Glasgow');\ncy.get('#AccountFrm_postcode').type(user.postCode).should('have.value', user.postCode);\ncy.get('select#AccountFrm_country_id').select('United Kingdom').should('have.value', '222').children('[value=\"222\"]').should('have.text', 'United Kingdom');\ncy.get('#AccountFrm_loginname').type(user.userName);\ncy.get('#AccountFrm_password').type(user.password).should('have.attr', 'type').and('include', 'password');\ncy.get('#AccountFrm_confirm').type(user.password).should('have.attr', 'type').and('include', 'password');\ncy.log('Check checkboxes');\ncy.get('#AccountFrm_newsletter1').check().should('include.checked', 'true');\ncy.get('.btn-orange.pull-right').click();\ncy.log('Checking privacy policy error message');\ncy.get('.alert-error.alert-danger').should('have.text', \"\\n×\\nError: You must agree to the Privacy Policy!\");",
          "err": {},
          "uuid": "1b3d52a9-2543-4009-961d-ad10d4419ce8",
          "parentUUID": "274d5713-bdf7-4694-9d27-73d0ca077766",
          "isHook": false,
          "skipped": false
        }
      ],
      "suites": [],
      "passes": [
        "d2a1d27a-9596-4ee7-a704-f7d334eb9fd2",
        "e0576975-44da-4b9f-8265-822d3bdc0b52",
        "51a2a24a-784c-4d18-8d9b-b937937fa739",
        "1b3d52a9-2543-4009-961d-ad10d4419ce8"
      ],
      "failures": [],
      "pending": [],
      "skipped": [],
      "duration": 30377,
      "root": true,
      "rootEmpty": false,
      "_timeout": 2000
    },
    {
      "uuid": "f95b5de5-d895-4465-8fa5-021237e1206b",
      "title": "",
      "fullFile": "cypress/e2e/registration_negativeWithPageObject.cy.js",
      "file": "cypress/e2e/registration_negativeWithPageObject.cy.js",
      "beforeHooks": [],
      "afterHooks": [],
      "tests": [
        {
          "title": "Registration negative with InvalidEmailProvider",
          "fullTitle": "Registration negative with InvalidEmailProvider",
          "timedOut": null,
          "duration": 6787,
          "state": "passed",
          "speed": "medium",
          "pass": true,
          "fail": false,
          "pending": false,
          "context": null,
          "code": "_RegistrationPage.default.submitRegFormInvalidEmailProvider();\n_RegistrationPage.default.assertSubmitRegFormInvalidEmailProvider();",
          "err": {},
          "uuid": "0a2334ac-e72b-4cc2-a973-683b018ff6b8",
          "parentUUID": "f95b5de5-d895-4465-8fa5-021237e1206b",
          "isHook": false,
          "skipped": false
        },
        {
          "title": "Registration negative with Password LessThan4",
          "fullTitle": "Registration negative with Password LessThan4",
          "timedOut": null,
          "duration": 6440,
          "state": "passed",
          "speed": "medium",
          "pass": true,
          "fail": false,
          "pending": false,
          "context": null,
          "code": "_RegistrationPage.default.submitRegFormWithPasswLessThan4();\n_RegistrationPage.default.assertSubmitRegFormWithPasswLessThan4();",
          "err": {},
          "uuid": "0266c422-aa10-4f3b-a496-127ccdc2712f",
          "parentUUID": "f95b5de5-d895-4465-8fa5-021237e1206b",
          "isHook": false,
          "skipped": false
        },
        {
          "title": "Registration negative with Password LessThan4",
          "fullTitle": "Registration negative with Password LessThan4",
          "timedOut": null,
          "duration": 6218,
          "state": "passed",
          "speed": "medium",
          "pass": true,
          "fail": false,
          "pending": false,
          "context": null,
          "code": "_RegistrationPage.default.submitRegFormWithPasswLessThan4();\n_RegistrationPage.default.assertSubmitRegFormWithPasswLessThan4();",
          "err": {},
          "uuid": "ec84e945-cc88-49a3-a207-7b9e1bfefc34",
          "parentUUID": "f95b5de5-d895-4465-8fa5-021237e1206b",
          "isHook": false,
          "skipped": false
        },
        {
          "title": "Registration negative with Password More Than 20",
          "fullTitle": "Registration negative with Password More Than 20",
          "timedOut": null,
          "duration": 6683,
          "state": "passed",
          "speed": "medium",
          "pass": true,
          "fail": false,
          "pending": false,
          "context": null,
          "code": "_RegistrationPage.default.submitRegFormWithPasswMoreThan20();\n_RegistrationPage.default.assertSubmitRegFormWithPasswMoreThan20();",
          "err": {},
          "uuid": "c77c9eed-9be9-4a1c-8f48-a06ed3009127",
          "parentUUID": "f95b5de5-d895-4465-8fa5-021237e1206b",
          "isHook": false,
          "skipped": false
        },
        {
          "title": "Registration negative with PrivacyPolicyUnchecked",
          "fullTitle": "Registration negative with PrivacyPolicyUnchecked",
          "timedOut": null,
          "duration": 6492,
          "state": "passed",
          "speed": "medium",
          "pass": true,
          "fail": false,
          "pending": false,
          "context": null,
          "code": "_RegistrationPage.default.submitRegFormWithPrivacyPolicyUnchecked();\n_RegistrationPage.default.assertSubmitRegFormWithPrivacyPolUnchecked();",
          "err": {},
          "uuid": "09687a5e-3cff-4420-8c71-4a59e612903e",
          "parentUUID": "f95b5de5-d895-4465-8fa5-021237e1206b",
          "isHook": false,
          "skipped": false
        }
      ],
      "suites": [],
      "passes": [
        "0a2334ac-e72b-4cc2-a973-683b018ff6b8",
        "0266c422-aa10-4f3b-a496-127ccdc2712f",
        "ec84e945-cc88-49a3-a207-7b9e1bfefc34",
        "c77c9eed-9be9-4a1c-8f48-a06ed3009127",
        "09687a5e-3cff-4420-8c71-4a59e612903e"
      ],
      "failures": [],
      "pending": [],
      "skipped": [],
      "duration": 32620,
      "root": true,
      "rootEmpty": false,
      "_timeout": 2000
    }
  ],
  "meta": {
    "mocha": {
      "version": "7.0.1"
    },
    "mochawesome": {
      "options": {
        "quiet": false,
        "reportFilename": "mochawesome",
        "saveHtml": false,
        "saveJson": true,
        "consoleReporter": "spec",
        "useInlineDiffs": false,
        "code": true
      },
      "version": "7.1.3"
    },
    "marge": {
      "options": {
        "reportDir": "cypress/results",
        "overwrite": false,
        "html": false,
        "json": true
      },
      "version": "6.2.0"
    }
  }
}